<?xml version="1.0" encoding="UTF-8"?>
<!-- Generated by org.testng.reporters.JUnitReportReporter -->
<testsuite hostname="DESKTOP-QK53TP2" failures="0" tests="1" name="testCases.LogoutTest" time="6.361" errors="0" timestamp="2021-12-23T14:30:23 IST" skipped="0">
  <testcase classname="testCases.LogoutTest" name="verifyLoginPage" time="6.361"/>
  <system-out/>
</testsuite> <!-- testCases.LogoutTest -->
